<?xml version="1.0" encoding="UTF-8"?>
<!-- Generated by org.testng.reporters.JUnitXMLReporter -->
<testsuite ignored="5" hostname="SM-MBP.local" failures="1" tests="19" name="FirefoxTest" time="450.472" errors="0" timestamp="2023-08-26T09:50:43 AEST">
  <testcase classname="com.healthcare.executepageclasses.CaptureVitalsTestClass" name="verifyAllAddVitalDetailsOfRegisteredPatient" time="30.219"/>
  <testcase classname="com.healthcare.executepageclasses.ActiveVisitsTestClass" name="verifyThePatientIsInActiveVisitsWhenVisitStarts" time="36.534">
    <skipped/>
  </testcase> <!-- verifyThePatientIsInActiveVisitsWhenVisitStarts -->
  <testcase classname="com.healthcare.executepageclasses.ActiveVisitsTestClass" name="verifyThePatientIsInActiveVisitsWhenVisitStarts" time="33.955">
    <skipped/>
  </testcase> <!-- verifyThePatientIsInActiveVisitsWhenVisitStarts -->
  <testcase classname="com.healthcare.executepageclasses.ActiveVisitsTestClass" name="verifyThePatientIsInActiveVisitsWhenVisitStarts" time="35.167">
    <skipped/>
  </testcase> <!-- verifyThePatientIsInActiveVisitsWhenVisitStarts -->
  <testcase classname="com.healthcare.executepageclasses.ActiveVisitsTestClass" name="verifyThePatientIsInActiveVisitsWhenVisitStarts" time="34.918">
    <skipped/>
  </testcase> <!-- verifyThePatientIsInActiveVisitsWhenVisitStarts -->
  <testcase classname="com.healthcare.executepageclasses.ActiveVisitsTestClass" name="verifyThePatientIsInActiveVisitsWhenVisitStarts" time="35.61">
    <skipped/>
  </testcase> <!-- verifyThePatientIsInActiveVisitsWhenVisitStarts -->
  <testcase classname="com.healthcare.executepageclasses.ActiveVisitsTestClass" name="verifyThePatientIsInActiveVisitsWhenVisitStarts" time="34.994">
    <failure type="org.openqa.selenium.TimeoutException" message="Expected condition failed: waiting for element to be clickable: Proxy element for: DefaultElementLocator &amp;apos;By.xpath: //a[contains(@href,&amp;apos;/openmrs/coreapps/activeVisits.page&amp;apos;)]&amp;apos; (tried for 10 second(s) with 500 milliseconds interval)">
      <![CDATA[org.openqa.selenium.TimeoutException: Expected condition failed: waiting for element to be clickable: Proxy element for: DefaultElementLocator 'By.xpath: //a[contains(@href,'/openmrs/coreapps/activeVisits.page')]' (tried for 10 second(s) with 500 milliseconds interval)
at org.openqa.selenium.support.ui.WebDriverWait.timeoutException(WebDriverWait.java:84)
at org.openqa.selenium.support.ui.FluentWait.until(FluentWait.java:230)
at com.healthcare.pageclasses.HomePageClass.clickOnActiveVisitsTile(HomePageClass.java:58)
at com.healthcare.executepageclasses.ActiveVisitsTestClass.verifyThePatientIsInActiveVisitsWhenVisitStarts(ActiveVisitsTestClass.java:71)
at java.base/java.util.ArrayList.forEach(ArrayList.java:1541)
Caused by: org.openqa.selenium.NoSuchElementException: Unable to locate element: //a[contains(@href,'/openmrs/coreapps/activeVisits.page')]
For documentation on this error, please visit: https://www.selenium.dev/documentation/webdriver/troubleshooting/errors#no-such-element-exception
Build info: version: '4.10.0', revision: 'c14d967899'
System info: os.name: 'Mac OS X', os.arch: 'aarch64', os.version: '13.3.1', java.version: '11.0.17'
Driver info: org.openqa.selenium.firefox.FirefoxDriver
Command: [06853dbf-0214-4101-8912-d7aed6d875f8, findElement {using=xpath, value=//a[contains(@href,'/openmrs/coreapps/activeVisits.page')]}]
Capabilities {acceptInsecureCerts: true, browserName: firefox, browserVersion: 116.0.3, moz:accessibilityChecks: false, moz:buildID: 20230815173142, moz:debuggerAddress: 127.0.0.1:20331, moz:geckodriverVersion: 0.33.0, moz:headless: false, moz:platformVersion: 22.4.0, moz:processID: 51899, moz:profile: /var/folders/vp/snvd374s0xv..., moz:shutdownTimeout: 60000, moz:webdriverClick: true, moz:windowless: false, pageLoadStrategy: normal, platformName: mac, proxy: Proxy(), se:cdp: ws://127.0.0.1:20331/devtoo..., se:cdpVersion: 85.0, setWindowRect: true, strictFileInteractability: false, timeouts: {implicit: 0, pageLoad: 300000, script: 30000}, unhandledPromptBehavior: dismiss and notify}
Session ID: 06853dbf-0214-4101-8912-d7aed6d875f8
at org.openqa.selenium.remote.codec.w3c.W3CHttpResponseCodec.createException(W3CHttpResponseCodec.java:199)
at org.openqa.selenium.remote.codec.w3c.W3CHttpResponseCodec.decode(W3CHttpResponseCodec.java:132)
at org.openqa.selenium.remote.codec.w3c.W3CHttpResponseCodec.decode(W3CHttpResponseCodec.java:51)
at org.openqa.selenium.remote.HttpCommandExecutor.execute(HttpCommandExecutor.java:191)
at org.openqa.selenium.remote.service.DriverCommandExecutor.invokeExecute(DriverCommandExecutor.java:196)
at org.openqa.selenium.remote.service.DriverCommandExecutor.execute(DriverCommandExecutor.java:171)
at org.openqa.selenium.remote.RemoteWebDriver.execute(RemoteWebDriver.java:531)
at org.openqa.selenium.remote.ElementLocation$ElementFinder$2.findElement(ElementLocation.java:165)
at org.openqa.selenium.remote.ElementLocation.findElement(ElementLocation.java:59)
at org.openqa.selenium.remote.RemoteWebDriver.findElement(RemoteWebDriver.java:350)
at org.openqa.selenium.remote.RemoteWebDriver.findElement(RemoteWebDriver.java:344)
at org.openqa.selenium.support.pagefactory.DefaultElementLocator.findElement(DefaultElementLocator.java:68)
at org.openqa.selenium.support.pagefactory.internal.LocatingElementHandler.invoke(LocatingElementHandler.java:38)
at com.sun.proxy.$Proxy20.isDisplayed(Unknown Source)
at org.openqa.selenium.support.ui.ExpectedConditions.elementIfVisible(ExpectedConditions.java:304)
at org.openqa.selenium.support.ui.ExpectedConditions.access$000(ExpectedConditions.java:37)
at org.openqa.selenium.support.ui.ExpectedConditions$10.apply(ExpectedConditions.java:290)
at org.openqa.selenium.support.ui.ExpectedConditions$10.apply(ExpectedConditions.java:287)
at org.openqa.selenium.support.ui.ExpectedConditions$23.apply(ExpectedConditions.java:656)
at org.openqa.selenium.support.ui.ExpectedConditions$23.apply(ExpectedConditions.java:652)
at org.openqa.selenium.support.ui.FluentWait.until(FluentWait.java:205)
... 30 more
... Removed 31 stack frames]]>
    </failure>
  </testcase> <!-- verifyThePatientIsInActiveVisitsWhenVisitStarts -->
  <testcase classname="com.healthcare.executepageclasses.ActiveVisitsTestClass" name="verifyThePatientIsNotDisplayedInActiveVisitsWhenVisitNotStarted" time="12.585"/>
  <testcase classname="com.healthcare.executepageclasses.FindAPatientTestClass" name="verifyTheRegisteredPatientIsFoundOrNotInPatientRecordTable" time="13.262"/>
  <testcase classname="com.healthcare.executepageclasses.RegisterAPatientTestClass" name="verifyToRegisterAPatient" time="13.964"/>
  <testcase classname="com.healthcare.executepageclasses.RegisterAPatientTestClass" name="verifyToDeleteARegisteredPatient" time="17.942"/>
  <testcase classname="com.healthcare.executepageclasses.RegisterAPatientTestClass" name="verifyTheRegisteredPatientIsFoundOrNotInPatientRecordTable" time="13.979"/>
  <testcase classname="com.healthcare.executepageclasses.LoginPageTestClass" name="verifySuccessfulLogin" time="2.681"/>
  <testcase classname="com.healthcare.executepageclasses.LoginPageTestClass" name="verifyTheCorrectSiteIsLoadedWhileHittingTheURL" time="0.01"/>
  <testcase classname="com.healthcare.executepageclasses.LoginPageTestClass" name="verifyUnsuccessfulLogin" time="1.467"/>
  <testcase classname="com.healthcare.executepageclasses.LoginPageTestClass" name="verifyUnsuccessfulLogin" time="1.217"/>
  <testcase classname="com.healthcare.executepageclasses.LoginPageTestClass" name="verifyUnsuccessfulLogin" time="1.659"/>
  <testcase classname="com.healthcare.executepageclasses.HomePageTestClass" name="verifyAllTilesAreDisplayedInHomePage" time="2.656"/>
  <testcase classname="com.healthcare.executepageclasses.HomePageTestClass" name="verifyTheLogoIsDisplayedOrNotInHomePage" time="2.622"/>
  <testcase classname="com.healthcare.executepageclasses.BaseClass" name="@BeforeSuite createExtendReport" time="0.0">
    <ignored/>
  </testcase> <!-- @BeforeSuite createExtendReport -->
  <testcase classname="com.healthcare.executepageclasses.BaseClass" name="@BeforeSuite createExtendReport" time="0.0">
    <ignored/>
  </testcase> <!-- @BeforeSuite createExtendReport -->
  <testcase classname="com.healthcare.executepageclasses.BaseClass" name="@BeforeSuite createExtendReport" time="0.0">
    <ignored/>
  </testcase> <!-- @BeforeSuite createExtendReport -->
  <testcase classname="com.healthcare.executepageclasses.BaseClass" name="@BeforeSuite createExtendReport" time="0.0">
    <ignored/>
  </testcase> <!-- @BeforeSuite createExtendReport -->
  <testcase classname="com.healthcare.executepageclasses.BaseClass" name="@BeforeSuite createExtendReport" time="0.0">
    <ignored/>
  </testcase> <!-- @BeforeSuite createExtendReport -->
</testsuite> <!-- FirefoxTest -->
