<?xml version="1.0" encoding="UTF-8"?>
<!-- Generated by org.testng.reporters.JUnitXMLReporter -->
<testsuite ignored="3" hostname="SM-MBP.local" failures="4" tests="27" name="Test" time="174.439" errors="0" timestamp="2023-08-22T19:55:53 AEST">
  <testcase classname="com.healthcare.executepageclasses.HomePageTestClass" name="verifyTheLogoIsDisplayedOrNotInHomePage" time="2.029"/>
  <testcase classname="com.healthcare.executepageclasses.FindAPatientTestClass" name="verifyTheRegisteredPatientIsFoundOrNotInPatientRecordTable" time="15.552"/>
  <testcase classname="com.healthcare.executepageclasses.LoginPageTestClass" name="verifySuccessfulLogin" time="2.025">
    <skipped/>
  </testcase> <!-- verifySuccessfulLogin -->
  <testcase classname="com.healthcare.executepageclasses.LoginPageTestClass" name="verifySuccessfulLogin" time="1.694">
    <skipped/>
  </testcase> <!-- verifySuccessfulLogin -->
  <testcase classname="com.healthcare.executepageclasses.LoginPageTestClass" name="verifySuccessfulLogin" time="2.005">
    <skipped/>
  </testcase> <!-- verifySuccessfulLogin -->
  <testcase classname="com.healthcare.executepageclasses.LoginPageTestClass" name="verifySuccessfulLogin" time="1.977">
    <skipped/>
  </testcase> <!-- verifySuccessfulLogin -->
  <testcase classname="com.healthcare.executepageclasses.LoginPageTestClass" name="verifySuccessfulLogin" time="1.717">
    <skipped/>
  </testcase> <!-- verifySuccessfulLogin -->
  <testcase classname="com.healthcare.executepageclasses.LoginPageTestClass" name="verifySuccessfulLogin" time="1.988">
    <failure type="java.lang.AssertionError" message="Logged in as Super User (admin) at Registration Desk. expected:&amp;lt;Logged in as Super User (admin) at Registration Desk.&amp;gt; but was:&amp;lt;Actual and Expected are not same&amp;gt;">
      <![CDATA[java.lang.AssertionError: Logged in as Super User (admin) at Registration Desk. expected:<Logged in as Super User (admin) at Registration Desk.> but was:<Actual and Expected are not same>
at com.healthcare.executepageclasses.LoginPageTestClass.verifySuccessfulLogin(LoginPageTestClass.java:34)
at java.base/java.util.ArrayList.forEach(ArrayList.java:1541)
... Removed 28 stack frames]]>
    </failure>
  </testcase> <!-- verifySuccessfulLogin -->
  <testcase classname="com.healthcare.executepageclasses.LoginPageTestClass" name="verifyTheCorrectSiteIsLoadedWhileHittingTheURL" time="0.018"/>
  <testcase classname="com.healthcare.executepageclasses.LoginPageTestClass" name="verifyUnsuccessfulLogin" time="1.12">
    <skipped/>
  </testcase> <!-- verifyUnsuccessfulLogin -->
  <testcase classname="com.healthcare.executepageclasses.LoginPageTestClass" name="verifyUnsuccessfulLogin" time="1.089">
    <skipped/>
  </testcase> <!-- verifyUnsuccessfulLogin -->
  <testcase classname="com.healthcare.executepageclasses.LoginPageTestClass" name="verifyUnsuccessfulLogin" time="1.119">
    <skipped/>
  </testcase> <!-- verifyUnsuccessfulLogin -->
  <testcase classname="com.healthcare.executepageclasses.LoginPageTestClass" name="verifyUnsuccessfulLogin" time="1.106">
    <skipped/>
  </testcase> <!-- verifyUnsuccessfulLogin -->
  <testcase classname="com.healthcare.executepageclasses.LoginPageTestClass" name="verifyUnsuccessfulLogin" time="1.101">
    <skipped/>
  </testcase> <!-- verifyUnsuccessfulLogin -->
  <testcase classname="com.healthcare.executepageclasses.LoginPageTestClass" name="verifyUnsuccessfulLogin" time="1.115">
    <failure type="java.lang.AssertionError" message="Invalid username/password. Please try again. expected:&amp;lt;Invalid username/password. Please try again.&amp;gt; but was:&amp;lt;Actual and expcted outcomes are not same&amp;gt;">
      <![CDATA[java.lang.AssertionError: Invalid username/password. Please try again. expected:<Invalid username/password. Please try again.> but was:<Actual and expcted outcomes are not same>
at com.healthcare.executepageclasses.LoginPageTestClass.verifyUnsuccessfulLogin(LoginPageTestClass.java:44)
at java.base/java.util.ArrayList.forEach(ArrayList.java:1541)
... Removed 28 stack frames]]>
    </failure>
  </testcase> <!-- verifyUnsuccessfulLogin -->
  <testcase classname="com.healthcare.executepageclasses.LoginPageTestClass" name="verifyUnsuccessfulLogin" time="1.115">
    <skipped/>
  </testcase> <!-- verifyUnsuccessfulLogin -->
  <testcase classname="com.healthcare.executepageclasses.LoginPageTestClass" name="verifyUnsuccessfulLogin" time="1.116">
    <skipped/>
  </testcase> <!-- verifyUnsuccessfulLogin -->
  <testcase classname="com.healthcare.executepageclasses.LoginPageTestClass" name="verifyUnsuccessfulLogin" time="1.112">
    <skipped/>
  </testcase> <!-- verifyUnsuccessfulLogin -->
  <testcase classname="com.healthcare.executepageclasses.LoginPageTestClass" name="verifyUnsuccessfulLogin" time="1.115">
    <skipped/>
  </testcase> <!-- verifyUnsuccessfulLogin -->
  <testcase classname="com.healthcare.executepageclasses.LoginPageTestClass" name="verifyUnsuccessfulLogin" time="1.105">
    <skipped/>
  </testcase> <!-- verifyUnsuccessfulLogin -->
  <testcase classname="com.healthcare.executepageclasses.LoginPageTestClass" name="verifyUnsuccessfulLogin" time="1.094">
    <failure type="java.lang.AssertionError" message="Invalid username/password. Please try again. expected:&amp;lt;Invalid username/password. Please try again.&amp;gt; but was:&amp;lt;Actual and expcted outcomes are not same&amp;gt;">
      <![CDATA[java.lang.AssertionError: Invalid username/password. Please try again. expected:<Invalid username/password. Please try again.> but was:<Actual and expcted outcomes are not same>
at com.healthcare.executepageclasses.LoginPageTestClass.verifyUnsuccessfulLogin(LoginPageTestClass.java:44)
at java.base/java.util.ArrayList.forEach(ArrayList.java:1541)
... Removed 28 stack frames]]>
    </failure>
  </testcase> <!-- verifyUnsuccessfulLogin -->
  <testcase classname="com.healthcare.executepageclasses.LoginPageTestClass" name="verifyUnsuccessfulLogin" time="1.112">
    <skipped/>
  </testcase> <!-- verifyUnsuccessfulLogin -->
  <testcase classname="com.healthcare.executepageclasses.LoginPageTestClass" name="verifyUnsuccessfulLogin" time="1.098">
    <skipped/>
  </testcase> <!-- verifyUnsuccessfulLogin -->
  <testcase classname="com.healthcare.executepageclasses.LoginPageTestClass" name="verifyUnsuccessfulLogin" time="1.097">
    <skipped/>
  </testcase> <!-- verifyUnsuccessfulLogin -->
  <testcase classname="com.healthcare.executepageclasses.LoginPageTestClass" name="verifyUnsuccessfulLogin" time="1.107">
    <skipped/>
  </testcase> <!-- verifyUnsuccessfulLogin -->
  <testcase classname="com.healthcare.executepageclasses.LoginPageTestClass" name="verifyUnsuccessfulLogin" time="1.093">
    <skipped/>
  </testcase> <!-- verifyUnsuccessfulLogin -->
  <testcase classname="com.healthcare.executepageclasses.LoginPageTestClass" name="verifyUnsuccessfulLogin" time="1.097">
    <failure type="java.lang.AssertionError" message="Invalid username/password. Please try again. expected:&amp;lt;Invalid username/password. Please try again.&amp;gt; but was:&amp;lt;Actual and expcted outcomes are not same&amp;gt;">
      <![CDATA[java.lang.AssertionError: Invalid username/password. Please try again. expected:<Invalid username/password. Please try again.> but was:<Actual and expcted outcomes are not same>
at com.healthcare.executepageclasses.LoginPageTestClass.verifyUnsuccessfulLogin(LoginPageTestClass.java:44)
at java.base/java.util.ArrayList.forEach(ArrayList.java:1541)
... Removed 27 stack frames]]>
    </failure>
  </testcase> <!-- verifyUnsuccessfulLogin -->
  <testcase classname="com.healthcare.executepageclasses.HomePageTestClass" name="verifyAllTilesAreDisplayedInHomePage" time="0.0">
    <ignored/>
  </testcase> <!-- verifyAllTilesAreDisplayedInHomePage -->
  <testcase classname="com.healthcare.executepageclasses.BaseClass" name="@BeforeSuite createExtendReport" time="0.0">
    <ignored/>
  </testcase> <!-- @BeforeSuite createExtendReport -->
  <testcase classname="com.healthcare.executepageclasses.BaseClass" name="@BeforeSuite createExtendReport" time="0.0">
    <ignored/>
  </testcase> <!-- @BeforeSuite createExtendReport -->
</testsuite> <!-- Test -->
