<?xml version="1.0" encoding="UTF-8"?>
<!-- Generated by org.testng.reporters.JUnitReportReporter -->
<testsuite hostname="SM-MBP.local" failures="0" tests="11" name="com.healthcare.executepageclasses.ActiveVisitsTestClass" time="377.608" errors="1" timestamp="2023-08-26T09:50:43 AEST" skipped="7">
  <testcase classname="com.healthcare.executepageclasses.ActiveVisitsTestClass" name="verifyThePatientIsNotDisplayedInActiveVisitsWhenVisitNotStarted" time="18.981"/>
  <system-out/>
  <testcase classname="com.healthcare.executepageclasses.ActiveVisitsTestClass" name="verifyThePatientIsInActiveVisitsWhenVisitStarts" time="19.842"/>
  <system-out/>
  <testcase classname="com.healthcare.executepageclasses.ActiveVisitsTestClass" name="verifyThePatientIsInActiveVisitsWhenVisitStarts" time="41.151">
    <error message="Expected condition failed: waiting for element to be clickable: Proxy element for: DefaultElementLocator &#039;By.xpath: //a[contains(@href,&#039;/openmrs/coreapps/activeVisits.page&#039;)]&#039; (tried for 10 second(s) with 500 milliseconds interval)" type="org.openqa.selenium.TimeoutException">
      <![CDATA[org.openqa.selenium.TimeoutException: Expected condition failed: waiting for element to be clickable: Proxy element for: DefaultElementLocator 'By.xpath: //a[contains(@href,'/openmrs/coreapps/activeVisits.page')]' (tried for 10 second(s) with 500 milliseconds interval)
at org.openqa.selenium.support.ui.WebDriverWait.timeoutException(WebDriverWait.java:84)
at org.openqa.selenium.support.ui.FluentWait.until(FluentWait.java:230)
at com.healthcare.pageclasses.HomePageClass.clickOnActiveVisitsTile(HomePageClass.java:58)
at com.healthcare.executepageclasses.ActiveVisitsTestClass.verifyThePatientIsInActiveVisitsWhenVisitStarts(ActiveVisitsTestClass.java:71)
at java.base/jdk.internal.reflect.NativeMethodAccessorImpl.invoke0(Native Method)
at java.base/jdk.internal.reflect.NativeMethodAccessorImpl.invoke(NativeMethodAccessorImpl.java:62)
at java.base/jdk.internal.reflect.DelegatingMethodAccessorImpl.invoke(DelegatingMethodAccessorImpl.java:43)
at java.base/java.lang.reflect.Method.invoke(Method.java:566)
at org.testng.internal.invokers.MethodInvocationHelper.invokeMethod(MethodInvocationHelper.java:139)
at org.testng.internal.invokers.TestInvoker.invokeMethod(TestInvoker.java:677)
at org.testng.internal.invokers.TestInvoker.retryFailed(TestInvoker.java:263)
at org.testng.internal.invokers.MethodRunner.runInSequence(MethodRunner.java:62)
at org.testng.internal.invokers.TestInvoker$MethodInvocationAgent.invoke(TestInvoker.java:969)
at org.testng.internal.invokers.TestInvoker.invokeTestMethods(TestInvoker.java:194)
at org.testng.internal.invokers.TestMethodWorker.invokeTestMethods(TestMethodWorker.java:148)
at org.testng.internal.invokers.TestMethodWorker.run(TestMethodWorker.java:128)
at java.base/java.util.ArrayList.forEach(ArrayList.java:1541)
at org.testng.TestRunner.privateRun(TestRunner.java:829)
at org.testng.TestRunner.run(TestRunner.java:602)
at org.testng.SuiteRunner.runTest(SuiteRunner.java:437)
at org.testng.SuiteRunner.runSequentially(SuiteRunner.java:431)
at org.testng.SuiteRunner.privateRun(SuiteRunner.java:391)
at org.testng.SuiteRunner.run(SuiteRunner.java:330)
at org.testng.SuiteRunnerWorker.runSuite(SuiteRunnerWorker.java:52)
at org.testng.SuiteRunnerWorker.run(SuiteRunnerWorker.java:95)
at org.testng.TestNG.runSuitesSequentially(TestNG.java:1256)
at org.testng.TestNG.runSuitesLocally(TestNG.java:1176)
at org.testng.TestNG.runSuites(TestNG.java:1099)
at org.testng.TestNG.run(TestNG.java:1067)
at org.testng.remote.AbstractRemoteTestNG.run(AbstractRemoteTestNG.java:115)
at org.testng.remote.RemoteTestNG.initAndRun(RemoteTestNG.java:251)
at org.testng.remote.RemoteTestNG.main(RemoteTestNG.java:77)
Caused by: org.openqa.selenium.NoSuchElementException: Unable to locate element: //a[contains(@href,'/openmrs/coreapps/activeVisits.page')]
For documentation on this error, please visit: https://www.selenium.dev/documentation/webdriver/troubleshooting/errors#no-such-element-exception
Build info: version: '4.10.0', revision: 'c14d967899'
System info: os.name: 'Mac OS X', os.arch: 'aarch64', os.version: '13.3.1', java.version: '11.0.17'
Driver info: org.openqa.selenium.firefox.FirefoxDriver
Command: [06853dbf-0214-4101-8912-d7aed6d875f8, findElement {using=xpath, value=//a[contains(@href,'/openmrs/coreapps/activeVisits.page')]}]
Capabilities {acceptInsecureCerts: true, browserName: firefox, browserVersion: 116.0.3, moz:accessibilityChecks: false, moz:buildID: 20230815173142, moz:debuggerAddress: 127.0.0.1:20331, moz:geckodriverVersion: 0.33.0, moz:headless: false, moz:platformVersion: 22.4.0, moz:processID: 51899, moz:profile: /var/folders/vp/snvd374s0xv..., moz:shutdownTimeout: 60000, moz:webdriverClick: true, moz:windowless: false, pageLoadStrategy: normal, platformName: mac, proxy: Proxy(), se:cdp: ws://127.0.0.1:20331/devtoo..., se:cdpVersion: 85.0, setWindowRect: true, strictFileInteractability: false, timeouts: {implicit: 0, pageLoad: 300000, script: 30000}, unhandledPromptBehavior: dismiss and notify}
Session ID: 06853dbf-0214-4101-8912-d7aed6d875f8
at java.base/jdk.internal.reflect.NativeConstructorAccessorImpl.newInstance0(Native Method)
at java.base/jdk.internal.reflect.NativeConstructorAccessorImpl.newInstance(NativeConstructorAccessorImpl.java:62)
at java.base/jdk.internal.reflect.DelegatingConstructorAccessorImpl.newInstance(DelegatingConstructorAccessorImpl.java:45)
at java.base/java.lang.reflect.Constructor.newInstance(Constructor.java:490)
at org.openqa.selenium.remote.codec.w3c.W3CHttpResponseCodec.createException(W3CHttpResponseCodec.java:199)
at org.openqa.selenium.remote.codec.w3c.W3CHttpResponseCodec.decode(W3CHttpResponseCodec.java:132)
at org.openqa.selenium.remote.codec.w3c.W3CHttpResponseCodec.decode(W3CHttpResponseCodec.java:51)
at org.openqa.selenium.remote.HttpCommandExecutor.execute(HttpCommandExecutor.java:191)
at org.openqa.selenium.remote.service.DriverCommandExecutor.invokeExecute(DriverCommandExecutor.java:196)
at org.openqa.selenium.remote.service.DriverCommandExecutor.execute(DriverCommandExecutor.java:171)
at org.openqa.selenium.remote.RemoteWebDriver.execute(RemoteWebDriver.java:531)
at org.openqa.selenium.remote.ElementLocation$ElementFinder$2.findElement(ElementLocation.java:165)
at org.openqa.selenium.remote.ElementLocation.findElement(ElementLocation.java:59)
at org.openqa.selenium.remote.RemoteWebDriver.findElement(RemoteWebDriver.java:350)
at org.openqa.selenium.remote.RemoteWebDriver.findElement(RemoteWebDriver.java:344)
at org.openqa.selenium.support.pagefactory.DefaultElementLocator.findElement(DefaultElementLocator.java:68)
at org.openqa.selenium.support.pagefactory.internal.LocatingElementHandler.invoke(LocatingElementHandler.java:38)
at com.sun.proxy.$Proxy20.isDisplayed(Unknown Source)
at org.openqa.selenium.support.ui.ExpectedConditions.elementIfVisible(ExpectedConditions.java:304)
at org.openqa.selenium.support.ui.ExpectedConditions.access$000(ExpectedConditions.java:37)
at org.openqa.selenium.support.ui.ExpectedConditions$10.apply(ExpectedConditions.java:290)
at org.openqa.selenium.support.ui.ExpectedConditions$10.apply(ExpectedConditions.java:287)
at org.openqa.selenium.support.ui.ExpectedConditions$23.apply(ExpectedConditions.java:656)
at org.openqa.selenium.support.ui.ExpectedConditions$23.apply(ExpectedConditions.java:652)
at org.openqa.selenium.support.ui.FluentWait.until(FluentWait.java:205)
... 30 more
]]>
    </error>
  </testcase> <!-- verifyThePatientIsInActiveVisitsWhenVisitStarts -->
  <system-out/>
  <testcase classname="com.healthcare.executepageclasses.ActiveVisitsTestClass" name="verifyThePatientIsNotDisplayedInActiveVisitsWhenVisitNotStarted" time="37.112">
    <skipped/>
  </testcase> <!-- verifyThePatientIsNotDisplayedInActiveVisitsWhenVisitNotStarted -->
  <system-out/>
  <testcase classname="com.healthcare.executepageclasses.ActiveVisitsTestClass" name="verifyThePatientIsInActiveVisitsWhenVisitStarts" time="40.964">
    <skipped/>
  </testcase> <!-- verifyThePatientIsInActiveVisitsWhenVisitStarts -->
  <system-out/>
  <testcase classname="com.healthcare.executepageclasses.ActiveVisitsTestClass" name="verifyThePatientIsInActiveVisitsWhenVisitStarts" time="42.063">
    <skipped/>
  </testcase> <!-- verifyThePatientIsInActiveVisitsWhenVisitStarts -->
  <system-out/>
  <testcase classname="com.healthcare.executepageclasses.ActiveVisitsTestClass" name="verifyThePatientIsNotDisplayedInActiveVisitsWhenVisitNotStarted" time="36.899">
    <skipped/>
  </testcase> <!-- verifyThePatientIsNotDisplayedInActiveVisitsWhenVisitNotStarted -->
  <system-out/>
  <testcase classname="com.healthcare.executepageclasses.ActiveVisitsTestClass" name="verifyThePatientIsNotDisplayedInActiveVisitsWhenVisitNotStarted" time="13.923"/>
  <system-out/>
  <testcase classname="com.healthcare.executepageclasses.ActiveVisitsTestClass" name="verifyThePatientIsInActiveVisitsWhenVisitStarts" time="42.873">
    <skipped/>
  </testcase> <!-- verifyThePatientIsInActiveVisitsWhenVisitStarts -->
  <system-out/>
  <testcase classname="com.healthcare.executepageclasses.ActiveVisitsTestClass" name="verifyThePatientIsInActiveVisitsWhenVisitStarts" time="42.140">
    <skipped/>
  </testcase> <!-- verifyThePatientIsInActiveVisitsWhenVisitStarts -->
  <system-out/>
  <testcase classname="com.healthcare.executepageclasses.ActiveVisitsTestClass" name="verifyThePatientIsInActiveVisitsWhenVisitStarts" time="41.660">
    <skipped/>
  </testcase> <!-- verifyThePatientIsInActiveVisitsWhenVisitStarts -->
  <system-out/>
</testsuite> <!-- com.healthcare.executepageclasses.ActiveVisitsTestClass -->
